  library.cpp
C:\Program Files\Microsoft Visual Studio\2022\Community\VC\Tools\MSVC\14.37.32822\include\xmemory(719,76): error C2259: "Animal": невозможно создать экземпляр абстрактного класса
C:\Users\User\Downloads\libraryPets-main\library\library\Animal.h(6,7): message : см. объявление "Animal"
C:\Program Files\Microsoft Visual Studio\2022\Community\VC\Tools\MSVC\14.37.32822\include\xmemory(719,76): message : из-за следующих членов:
C:\Program Files\Microsoft Visual Studio\2022\Community\VC\Tools\MSVC\14.37.32822\include\xmemory(719,76): message : void Animal::toString(void) const: абстрактный
C:\Users\User\Downloads\libraryPets-main\library\library\Animal.h(44,15): message : см. объявление "Animal::toString"
C:\Program Files\Microsoft Visual Studio\2022\Community\VC\Tools\MSVC\14.37.32822\include\xmemory(719,76): message : void Animal::voice(void) const: абстрактный
C:\Users\User\Downloads\libraryPets-main\library\library\Animal.h(46,15): message : см. объявление "Animal::voice"
C:\Program Files\Microsoft Visual Studio\2022\Community\VC\Tools\MSVC\14.37.32822\include\vector(800,27): message : выполняется компиляция ссылки на экземпляр шаблон функции "void std::_Default_allocator_traits<_Alloc>::construct<_Ty,const _Ty&>(_Alloc &,_Objty *const ,const _Ty &)"
          with
          [
              _Alloc=std::allocator<Animal>,
              _Ty=Animal,
              _Objty=Animal
          ]
C:\Program Files\Microsoft Visual Studio\2022\Community\VC\Tools\MSVC\14.37.32822\include\vector(782,20): message : выполняется компиляция ссылки на экземпляр шаблон функции "_Ty &std::vector<_Ty,std::allocator<_Ty>>::_Emplace_back_with_unused_capacity<const _Ty&>(const _Ty &)"
          with
          [
              _Ty=Animal
          ]
C:\Program Files\Microsoft Visual Studio\2022\Community\VC\Tools\MSVC\14.37.32822\include\vector(873,9): message : выполняется компиляция ссылки на экземпляр шаблон функции "_Ty &std::vector<_Ty,std::allocator<_Ty>>::_Emplace_one_at_back<const _Ty&>(const _Ty &)"
          with
          [
              _Ty=Animal
          ]
C:\Program Files\Microsoft Visual Studio\2022\Community\VC\Tools\MSVC\14.37.32822\include\vector(872,23): message : во время компиляции функции-члена класс шаблон "void std::vector<Animal,std::allocator<Animal>>::push_back(const _Ty &)"
          with
          [
              _Ty=Animal
          ]
C:\Users\User\Downloads\libraryPets-main\library\library\library.cpp(59,22): message : см. первую ссылку на "std::vector<Animal,std::allocator<Animal>>::push_back" в "main"
C:\Users\User\Downloads\libraryPets-main\library\library\library.cpp(42,28): message : выполняется компиляция ссылки на экземпляр класс шаблон функции "std::vector<Animal,std::allocator<Animal>>"
C:\Program Files\Microsoft Visual Studio\2022\Community\VC\Tools\MSVC\14.37.32822\include\xmemory(719,82): error C2259: "Animal": невозможно создать экземпляр абстрактного класса
C:\Users\User\Downloads\libraryPets-main\library\library\Animal.h(6,7): message : см. объявление "Animal"
C:\Program Files\Microsoft Visual Studio\2022\Community\VC\Tools\MSVC\14.37.32822\include\xmemory(719,82): message : из-за следующих членов:
C:\Program Files\Microsoft Visual Studio\2022\Community\VC\Tools\MSVC\14.37.32822\include\xmemory(719,82): message : void Animal::toString(void) const: абстрактный
C:\Users\User\Downloads\libraryPets-main\library\library\Animal.h(44,15): message : см. объявление "Animal::toString"
C:\Program Files\Microsoft Visual Studio\2022\Community\VC\Tools\MSVC\14.37.32822\include\xmemory(719,82): message : void Animal::voice(void) const: абстрактный
C:\Users\User\Downloads\libraryPets-main\library\library\Animal.h(46,15): message : см. объявление "Animal::voice"
